[debug] [2023-12-17T10:59:16.816Z] ----------------------------------------------------------------------
[debug] [2023-12-17T10:59:16.820Z] Command:       C:\Program Files\nodejs\node.exe C:\Users\ryu\AppData\Roaming\npm\node_modules\firebase-tools\lib\bin\firebase.js init
[debug] [2023-12-17T10:59:16.821Z] CLI Version:   13.0.2
[debug] [2023-12-17T10:59:16.821Z] Platform:      win32
[debug] [2023-12-17T10:59:16.822Z] Node Version:  v20.10.0
[debug] [2023-12-17T10:59:16.822Z] Time:          Sun Dec 17 2023 17:59:16 GMT+0700 (เวลาอินโดจีน)
[debug] [2023-12-17T10:59:16.822Z] ----------------------------------------------------------------------
[debug] 
[debug] [2023-12-17T10:59:16.828Z] > command requires scopes: ["email","openid","https://www.googleapis.com/auth/cloudplatformprojects.readonly","https://www.googleapis.com/auth/firebase","https://www.googleapis.com/auth/cloud-platform"]
[debug] [2023-12-17T10:59:16.829Z] > authorizing via signed-in user (9rw9rw9@gmail.com)
[info] 
     ######## #### ########  ######## ########     ###     ######  ########
     ##        ##  ##     ## ##       ##     ##  ##   ##  ##       ##
     ######    ##  ########  ######   ########  #########  ######  ######
     ##        ##  ##    ##  ##       ##     ## ##     ##       ## ##
     ##       #### ##     ## ######## ########  ##     ##  ######  ########

You're about to initialize a Firebase project in this directory:

  C:\Users\ryu\Desktop\Learn\new react\my-port

[info] 
=== Project Setup
[info] 
[info] First, let's associate this project directory with a Firebase project.
[info] You can create multiple project aliases by running firebase use --add, 
[info] but for now we'll just set up a default project.
[info] 
[info] i  If you want to create a project in a Google Cloud organization or folder, please use "firebase projects:create" instead, and return to this command when you've created the project. 
